<?xml version="1.0" encoding="UTF-8"?>
<testng-results ignored="0" total="2" passed="2" failed="0" skipped="0">
  <reporter-output>
  </reporter-output>
  <suite started-at="2022-08-28T16:34:58 IST" name="Default suite" finished-at="2022-08-28T16:35:00 IST" duration-ms="1742">
    <groups>
    </groups>
    <test started-at="2022-08-28T16:34:58 IST" name="Default test" finished-at="2022-08-28T16:35:00 IST" duration-ms="1742">
      <class name="RestAssured1.purchase_amount">
        <test-method signature="purchaseamt()[pri:0, instance:RestAssured1.purchase_amount@22ef9844]" started-at="2022-08-28T16:34:58 IST" name="purchaseamt" finished-at="2022-08-28T16:35:00 IST" duration-ms="1497" status="PASS">
          <reporter-output>
          </reporter-output>
        </test-method> <!-- purchaseamt -->
        <test-method signature="purchasemethod()[pri:0, instance:RestAssured1.purchase_amount@22ef9844]" started-at="2022-08-28T16:35:00 IST" name="purchasemethod" finished-at="2022-08-28T16:35:00 IST" duration-ms="199" status="PASS">
          <reporter-output>
          </reporter-output>
        </test-method> <!-- purchasemethod -->
      </class> <!-- RestAssured1.purchase_amount -->
    </test> <!-- Default test -->
  </suite> <!-- Default suite -->
</testng-results>
